SF:src/PandaModels.jl
DA:1,2
LH:1
LF:1
end_of_record
SF:src/input/pp_to_pm.jl
DA:2,5
DA:5,5
DA:6,5
DA:10,6
DA:25,10
DA:26,0
DA:29,5
DA:30,3
DA:31,3
DA:35,5
DA:36,2
DA:37,2
DA:38,2
DA:45,5
DA:46,0
DA:47,0
DA:48,0
DA:55,5
DA:56,0
DA:57,0
DA:58,0
DA:65,5
DA:66,0
DA:69,5
DA:70,0
DA:73,5
DA:74,0
DA:77,5
DA:81,6
DA:82,6
DA:83,6
DA:84,6
DA:85,6
DA:88,6
DA:89,18
DA:90,0
DA:93,6
DA:94,6
DA:96,6
LH:28
LF:39
end_of_record
SF:src/input/time_series.jl
DA:1,0
DA:2,0
DA:3,0
DA:4,0
DA:5,0
DA:8,0
DA:10,0
DA:13,0
DA:16,0
DA:17,0
DA:18,0
DA:19,0
DA:22,0
LH:0
LF:13
end_of_record
SF:src/input/tools.jl
DA:1,0
DA:2,0
DA:3,0
DA:4,0
DA:8,0
LH:0
LF:5
end_of_record
SF:src/models/call_powermodels.jl
DA:10,1
DA:11,1
DA:12,1
DA:14,1
DA:21,2
DA:23,1
DA:27,1
DA:28,1
DA:29,1
DA:31,1
DA:34,1
DA:35,0
DA:36,0
DA:37,0
DA:38,0
DA:39,0
DA:40,0
DA:41,0
DA:44,0
DA:45,0
DA:48,0
DA:49,0
DA:50,0
DA:53,0
DA:56,1
DA:59,1
DA:63,1
DA:64,1
DA:66,1
DA:68,1
DA:70,2
DA:72,1
DA:75,1
DA:76,1
DA:77,1
DA:79,1
DA:82,2
DA:84,1
DA:87,1
DA:88,1
DA:89,1
DA:91,1
DA:94,2
DA:96,1
LH:31
LF:44
end_of_record
SF:src/models/vd.jl
DA:5,0
DA:7,0
DA:14,0
DA:18,0
DA:19,0
DA:20,0
DA:21,0
DA:23,0
DA:25,0
DA:27,0
DA:28,0
DA:31,0
DA:32,0
DA:35,0
DA:36,0
DA:37,0
DA:39,0
DA:40,0
DA:43,0
DA:44,0
DA:49,0
DA:50,0
DA:51,0
LH:0
LF:23
end_of_record
